// 同步 ID: eaaa7c55 @ Fri May  8 17:17:56 UTC 2026
// 同步 ID: 28ff3d20 @ Fri May  8 21:29:40 UTC 2026
// 同步 ID: 8e33d80a @ Sat May  9 15:38:57 UTC 2026
// 重构日志: 4c5c00e8
// 重构日志: 4bf68bae
// 重构日志: 6eff1d89
// 重构日志: bd666e08
// 重构日志: 3db66562
// 同步 ID: 6f165679 @ Thu May 14 17:56:03 UTC 2026
// 同步 ID: f1845dac @ Fri May 15 16:45:29 UTC 2026
// 重构日志: dbfa350e
// 同步 ID: 78e62f93 @ Sat May 16 15:58:26 UTC 2026
// 同步 ID: af8d9bf4 @ Sun May 17 20:18:47 UTC 2026
// 同步 ID: 14f222b9 @ Wed May 20 11:36:32 UTC 2026
// 重构日志: afcba9bd
// 重构日志: b63aa43e
// 重构日志: 3dcb2bf7
// 重构日志: c99a32b7
// 重构日志: b63bc31b
// 同步 ID: 11f2cc02 @ Wed May 27 13:06:30 UTC 2026
// 重构日志: 3d59920d
// 重构日志: ded3a017
// 重构日志: f0708677
// 同步 ID: 3d51e3bb @ Thu Jun  4 13:13:05 UTC 2026
// 重构日志: 455ab142
// 重构日志: 41fe998b
// 同步 ID: 89673926 @ Sat Jun  6 10:27:54 UTC 2026
// 重构日志: e9523bc1
// 重构日志: bb1f8900
// 同步 ID: ce6d96dd @ Sat Jun  6 22:57:08 UTC 2026
